<?xml version="1.0" encoding="UTF-8"?>
<!-- Generated by org.testng.reporters.JUnitXMLReporter -->
<testsuite ignored="0" hostname="DESKTOP-58P3AO3" failures="0" tests="9" name="Default test" time="55.473" errors="0" timestamp="2022-12-30T03:49:44 GMT-08:00">
  <testcase classname="com.sgtesting.testng.assingement2" name="lanchBrowser" time="11.503"/>
  <testcase classname="com.sgtesting.testng.assingement2" name="navigate" time="9.308"/>
  <testcase classname="com.sgtesting.testng.assingement2" name="login" time="9.405"/>
  <testcase classname="com.sgtesting.testng.assingement2" name="minimizeFlyoutwindow" time="2.129"/>
  <testcase classname="com.sgtesting.testng.assingement2" name="createuser" time="13.907"/>
  <testcase classname="com.sgtesting.testng.assingement2" name="modifyuser" time="4.428"/>
  <testcase classname="com.sgtesting.testng.assingement2" name="delectuser" time="1.156"/>
  <testcase classname="com.sgtesting.testng.assingement2" name="logout" time="1.124"/>
  <testcase classname="com.sgtesting.testng.assingement2" name="closeapp" time="2.411"/>
</testsuite> <!-- Default test -->
