<?xml version="1.0" encoding="UTF-8"?>
<!-- Generated by org.testng.reporters.JUnitXMLReporter -->
<testsuite ignored="0" hostname="DESKTOP-58P3AO3" failures="0" tests="67" name="Automation" time="425.792" errors="0" timestamp="2022-12-28T00:05:48 GMT-08:00">
  <testcase classname="com.sgtesting.testng.assingement1" name="lanchBrowser" time="4.379"/>
  <testcase classname="com.sgtesting.testng.assingement1" name="navigate" time="7.512"/>
  <testcase classname="com.sgtesting.testng.assingement1" name="login" time="9.496"/>
  <testcase classname="com.sgtesting.testng.assingement1" name="minimizeFlyoutwindow" time="2.223"/>
  <testcase classname="com.sgtesting.testng.assingement1" name="createuser" time="13.674"/>
  <testcase classname="com.sgtesting.testng.assingement1" name="delectuser" time="8.448"/>
  <testcase classname="com.sgtesting.testng.assingement1" name="logout" time="2.401"/>
  <testcase classname="com.sgtesting.testng.assingement1" name="closeapp" time="2.333"/>
  <testcase classname="com.sgtesting.testng.assingement2" name="lanchBrowser" time="3.177"/>
  <testcase classname="com.sgtesting.testng.assingement2" name="navigate" time="7.686"/>
  <testcase classname="com.sgtesting.testng.assingement2" name="login" time="9.498"/>
  <testcase classname="com.sgtesting.testng.assingement2" name="minimizeFlyoutwindow" time="2.328"/>
  <testcase classname="com.sgtesting.testng.assingement2" name="createuser" time="13.375"/>
  <testcase classname="com.sgtesting.testng.assingement2" name="modifyuser" time="6.847"/>
  <testcase classname="com.sgtesting.testng.assingement2" name="delectuser" time="8.397"/>
  <testcase classname="com.sgtesting.testng.assingement2" name="logout" time="2.374"/>
  <testcase classname="com.sgtesting.testng.assingement2" name="closeapp" time="2.316"/>
  <testcase classname="com.sgtesting.testng.assingement4" name="lanchBrowser" time="3.147"/>
  <testcase classname="com.sgtesting.testng.assingement4" name="navigate" time="8.313"/>
  <testcase classname="com.sgtesting.testng.assingement4" name="login" time="9.42"/>
  <testcase classname="com.sgtesting.testng.assingement4" name="minimizeFlyoutwindow" time="2.176"/>
  <testcase classname="com.sgtesting.testng.assingement4" name="createcustomer" time="11.418"/>
  <testcase classname="com.sgtesting.testng.assingement4" name="deletecustomer" time="8.592"/>
  <testcase classname="com.sgtesting.testng.assingement4" name="logout" time="2.426"/>
  <testcase classname="com.sgtesting.testng.assingement4" name="closeapp" time="2.257"/>
  <testcase classname="com.sgtesting.testng.assingement5" name="lanchBrowser" time="3.106"/>
  <testcase classname="com.sgtesting.testng.assingement5" name="navigate" time="6.51"/>
  <testcase classname="com.sgtesting.testng.assingement5" name="login" time="9.506"/>
  <testcase classname="com.sgtesting.testng.assingement5" name="minimizeFlyoutwindow" time="2.197"/>
  <testcase classname="com.sgtesting.testng.assingement5" name="createcustomer" time="11.544"/>
  <testcase classname="com.sgtesting.testng.assingement5" name="modifycustomer" time="8.772"/>
  <testcase classname="com.sgtesting.testng.assingement5" name="deletecustomer" time="8.613"/>
  <testcase classname="com.sgtesting.testng.assingement5" name="logout" time="2.379"/>
  <testcase classname="com.sgtesting.testng.assingement5" name="closeapp" time="2.285"/>
  <testcase classname="com.sgtesting.testng.assingement6" name="lanchBrowser" time="3.032"/>
  <testcase classname="com.sgtesting.testng.assingement6" name="navigate" time="7.005"/>
  <testcase classname="com.sgtesting.testng.assingement6" name="login" time="9.474"/>
  <testcase classname="com.sgtesting.testng.assingement6" name="minimizeFlyoutwindow" time="2.238"/>
  <testcase classname="com.sgtesting.testng.assingement6" name="createcustomer" time="11.371"/>
  <testcase classname="com.sgtesting.testng.assingement6" name="createproject" time="8.645"/>
  <testcase classname="com.sgtesting.testng.assingement6" name="deleteproject" time="8.775"/>
  <testcase classname="com.sgtesting.testng.assingement6" name="deletecustomer" time="8.623"/>
  <testcase classname="com.sgtesting.testng.assingement6" name="logout" time="2.443"/>
  <testcase classname="com.sgtesting.testng.assingement6" name="closeapp" time="2.258"/>
  <testcase classname="com.sgtesting.testng.assingement7" name="lanchBrowser" time="3.111"/>
  <testcase classname="com.sgtesting.testng.assingement7" name="navigate" time="6.739"/>
  <testcase classname="com.sgtesting.testng.assingement7" name="login" time="9.399"/>
  <testcase classname="com.sgtesting.testng.assingement7" name="minimizeFlyoutwindow" time="2.213"/>
  <testcase classname="com.sgtesting.testng.assingement7" name="createcustomer" time="11.522"/>
  <testcase classname="com.sgtesting.testng.assingement7" name="createproject" time="8.718"/>
  <testcase classname="com.sgtesting.testng.assingement7" name="modproject" time="8.872"/>
  <testcase classname="com.sgtesting.testng.assingement7" name="deleteproject" time="8.753"/>
  <testcase classname="com.sgtesting.testng.assingement7" name="deletecustomer" time="8.705"/>
  <testcase classname="com.sgtesting.testng.assingement7" name="logout" time="2.336"/>
  <testcase classname="com.sgtesting.testng.assingement7" name="closeapp" time="2.253"/>
  <testcase classname="com.sgtesting.testng.assingement8" name="lanchBrowser" time="3.076"/>
  <testcase classname="com.sgtesting.testng.assingement8" name="navigate" time="7.04"/>
  <testcase classname="com.sgtesting.testng.assingement8" name="login" time="9.524"/>
  <testcase classname="com.sgtesting.testng.assingement8" name="minimizeFlyoutwindow" time="2.298"/>
  <testcase classname="com.sgtesting.testng.assingement8" name="createcustomer" time="11.368"/>
  <testcase classname="com.sgtesting.testng.assingement8" name="createproject" time="8.681"/>
  <testcase classname="com.sgtesting.testng.assingement8" name="createtask" time="7.05"/>
  <testcase classname="com.sgtesting.testng.assingement8" name="deletetask" time="8.699"/>
  <testcase classname="com.sgtesting.testng.assingement8" name="deleteproject" time="8.703"/>
  <testcase classname="com.sgtesting.testng.assingement8" name="deletecustomer" time="8.699"/>
  <testcase classname="com.sgtesting.testng.assingement8" name="logout" time="2.475"/>
  <testcase classname="com.sgtesting.testng.assingement8" name="closeapp" time="2.308"/>
</testsuite> <!-- Automation -->
