<?xml version="1.0" encoding="UTF-8"?>
<testng-results ignored="0" total="9" passed="9" failed="0" skipped="0">
  <reporter-output>
  </reporter-output>
  <suite started-at="2022-12-30T03:48:49 GMT-08:00" name="Default suite" finished-at="2022-12-30T03:49:44 GMT-08:00" duration-ms="55473">
    <groups>
    </groups>
    <test started-at="2022-12-30T03:48:49 GMT-08:00" name="Default test" finished-at="2022-12-30T03:49:44 GMT-08:00" duration-ms="55473">
      <class name="com.sgtesting.testng.assingement2">
        <test-method signature="lanchBrowser()[pri:1, instance:com.sgtesting.testng.assingement2@3bf9ce3e]" started-at="2022-12-30T03:48:49 GMT-08:00" name="lanchBrowser" finished-at="2022-12-30T03:49:00 GMT-08:00" duration-ms="11503" status="PASS">
          <reporter-output>
          </reporter-output>
        </test-method> <!-- lanchBrowser -->
        <test-method signature="navigate()[pri:2, instance:com.sgtesting.testng.assingement2@3bf9ce3e]" started-at="2022-12-30T03:49:00 GMT-08:00" name="navigate" finished-at="2022-12-30T03:49:10 GMT-08:00" duration-ms="9308" status="PASS">
          <reporter-output>
          </reporter-output>
        </test-method> <!-- navigate -->
        <test-method signature="login()[pri:3, instance:com.sgtesting.testng.assingement2@3bf9ce3e]" started-at="2022-12-30T03:49:10 GMT-08:00" name="login" finished-at="2022-12-30T03:49:19 GMT-08:00" duration-ms="9405" status="PASS">
          <reporter-output>
          </reporter-output>
        </test-method> <!-- login -->
        <test-method signature="minimizeFlyoutwindow()[pri:4, instance:com.sgtesting.testng.assingement2@3bf9ce3e]" started-at="2022-12-30T03:49:19 GMT-08:00" name="minimizeFlyoutwindow" finished-at="2022-12-30T03:49:21 GMT-08:00" duration-ms="2129" status="PASS">
          <reporter-output>
          </reporter-output>
        </test-method> <!-- minimizeFlyoutwindow -->
        <test-method signature="createuser(java.lang.String,java.lang.String,java.lang.String,java.lang.String,java.lang.String,java.lang.String)[pri:5, instance:com.sgtesting.testng.assingement2@3bf9ce3e]" started-at="2022-12-30T03:49:21 GMT-08:00" name="createuser" data-provider="users" finished-at="2022-12-30T03:49:35 GMT-08:00" duration-ms="13907" status="PASS">
          <params>
            <param index="0">
              <value>
                <![CDATA[demo]]>
              </value>
            </param>
            <param index="1">
              <value>
                <![CDATA[a]]>
              </value>
            </param>
            <param index="2">
              <value>
                <![CDATA[demo@gmail.com]]>
              </value>
            </param>
            <param index="3">
              <value>
                <![CDATA[demoa]]>
              </value>
            </param>
            <param index="4">
              <value>
                <![CDATA[demo1]]>
              </value>
            </param>
            <param index="5">
              <value>
                <![CDATA[demo1]]>
              </value>
            </param>
          </params>
          <reporter-output>
          </reporter-output>
        </test-method> <!-- createuser -->
        <test-method signature="modifyuser(java.lang.String)[pri:6, instance:com.sgtesting.testng.assingement2@3bf9ce3e]" started-at="2022-12-30T03:49:35 GMT-08:00" name="modifyuser" data-provider="modify" finished-at="2022-12-30T03:49:39 GMT-08:00" duration-ms="4428" status="PASS">
          <params>
            <param index="0">
              <value>
                <![CDATA[Sample]]>
              </value>
            </param>
          </params>
          <reporter-output>
          </reporter-output>
        </test-method> <!-- modifyuser -->
        <test-method signature="delectuser()[pri:7, instance:com.sgtesting.testng.assingement2@3bf9ce3e]" started-at="2022-12-30T03:49:39 GMT-08:00" name="delectuser" finished-at="2022-12-30T03:49:41 GMT-08:00" duration-ms="1156" status="PASS">
          <reporter-output>
          </reporter-output>
        </test-method> <!-- delectuser -->
        <test-method signature="logout()[pri:8, instance:com.sgtesting.testng.assingement2@3bf9ce3e]" started-at="2022-12-30T03:49:41 GMT-08:00" name="logout" finished-at="2022-12-30T03:49:42 GMT-08:00" duration-ms="1124" status="PASS">
          <reporter-output>
          </reporter-output>
        </test-method> <!-- logout -->
        <test-method signature="closeapp()[pri:9, instance:com.sgtesting.testng.assingement2@3bf9ce3e]" started-at="2022-12-30T03:49:42 GMT-08:00" name="closeapp" finished-at="2022-12-30T03:49:44 GMT-08:00" duration-ms="2411" status="PASS">
          <reporter-output>
          </reporter-output>
        </test-method> <!-- closeapp -->
      </class> <!-- com.sgtesting.testng.assingement2 -->
    </test> <!-- Default test -->
  </suite> <!-- Default suite -->
</testng-results>
